#
# There is insufficient memory for the Java Runtime Environment to continue.
# Native memory allocation (malloc) failed to allocate 1048576 bytes. Error detail: AllocateHeap
# Possible reasons:
#   The system is out of physical RAM or swap space
#   This process is running with CompressedOops enabled, and the Java Heap may be blocking the growth of the native heap
# Possible solutions:
#   Reduce memory load on the system
#   Increase physical memory or swap space
#   Check if swap backing store is full
#   Decrease Java heap size (-Xmx/-Xms)
#   Decrease number of Java threads
#   Decrease Java thread stack sizes (-Xss)
#   Set larger code cache with -XX:ReservedCodeCacheSize=
#   JVM is running with Unscaled Compressed Oops mode in which the Java heap is
#     placed in the first 4GB address space. The Java Heap base address is the
#     maximum limit for the native heap growth. Please use -XX:HeapBaseMinAddress
#     to set the Java Heap base and to place the Java Heap above 4GB virtual address.
# This output file may be truncated or incomplete.
#
#  Out of Memory Error (allocation.cpp:44), pid=2288, tid=14708
#
# JRE version: OpenJDK Runtime Environment Temurin-21.0.8+9 (21.0.8+9) (build 21.0.8+9-LTS)
# Java VM: OpenJDK 64-Bit Server VM Temurin-21.0.8+9 (21.0.8+9-LTS, mixed mode, sharing, tiered, compressed oops, compressed class ptrs, parallel gc, windows-amd64)
# No core dump will be written. Minidumps are not enabled by default on client versions of Windows
#

---------------  S U M M A R Y ------------

Command Line: --add-modules=ALL-SYSTEM --add-opens=java.base/java.util=ALL-UNNAMED --add-opens=java.base/java.lang=ALL-UNNAMED --add-opens=java.base/sun.nio.fs=ALL-UNNAMED -Declipse.application=org.eclipse.jdt.ls.core.id1 -Dosgi.bundles.defaultStartLevel=4 -Declipse.product=org.eclipse.jdt.ls.core.product -Djava.import.generatesMetadataFilesAtProjectRoot=false -DDetectVMInstallationsJob.disabled=true -Dfile.encoding=utf8 -XX:+UseParallelGC -XX:GCTimeRatio=4 -XX:AdaptiveSizePolicyWeight=90 -Dsun.zip.disableMemoryMapping=true -Xmx2G -Xms100m -Xlog:disable -javaagent:c:\Users\ADMIN\.vscode\extensions\redhat.java-1.47.0-win32-x64\lombok\lombok-1.18.39-4050.jar -XX:+HeapDumpOnOutOfMemoryError -XX:HeapDumpPath=c:\Users\ADMIN\AppData\Roaming\Code\User\workspaceStorage\e1181f018e524be10f78b7a09ed024c7\redhat.java -Daether.dependencyCollector.impl=bf c:\Users\ADMIN\.vscode\extensions\redhat.java-1.47.0-win32-x64\server\plugins\org.eclipse.equinox.launcher_1.7.100.v20251014-1222.jar -configuration c:\Users\ADMIN\AppData\Roaming\Code\User\globalStorage\redhat.java\1.47.0\config_win -data c:\Users\ADMIN\AppData\Roaming\Code\User\workspaceStorage\e1181f018e524be10f78b7a09ed024c7\redhat.java\jdt_ws --pipe=\\.\pipe\lsp-835bd573e3742573bf789c65da205362-sock

Host: AMD Ryzen 7 5800H with Radeon Graphics         , 16 cores, 5G,  Windows 11 , 64 bit Build 22621 (10.0.22621.457)
Time: Fri Nov  7 18:14:52 2025 SE Asia Standard Time elapsed time: 15275.382353 seconds (0d 4h 14m 35s)

---------------  T H R E A D  ---------------

Current thread (0x0000024092b1dad0):  JavaThread "Attach Listener" daemon [_thread_in_vm, id=14708, stack(0x000000ff57800000,0x000000ff57900000) (1024K)]

Stack: [0x000000ff57800000,0x000000ff57900000]
Native frames: (J=compiled Java code, j=interpreted, Vv=VM code, C=native code)
V  [jvm.dll+0x6d2449]
V  [jvm.dll+0x8ae341]
V  [jvm.dll+0x8b08be]
V  [jvm.dll+0x8b0fa3]
V  [jvm.dll+0x280c96]
V  [jvm.dll+0xc0347]
V  [jvm.dll+0x6d2cf9]
V  [jvm.dll+0x131116]
V  [jvm.dll+0x3f2d16]
V  [jvm.dll+0x857e6b]
V  [jvm.dll+0x6d0b0d]
C  [ucrtbase.dll+0x29363]
C  [KERNEL32.DLL+0x1244d]
C  [ntdll.dll+0x5df78]


---------------  P R O C E S S  ---------------

Threads class SMR info:
_java_thread_list=0x00000240f41fc630, length=43, elements={
0x0000024092b6e410, 0x0000024092b18430, 0x0000024092b19e90, 0x0000024092b1ce80,
0x0000024092b1dad0, 0x00000240ebb06760, 0x00000240ebb07710, 0x00000240ebb12690,
0x00000240ebb153f0, 0x0000024092bd9b30, 0x00000240ebe3be70, 0x00000240ed3b0320,
0x00000240ed32fe80, 0x00000240ebbcbc30, 0x00000240ebbcd020, 0x00000240ed4837b0,
0x00000240f25fd070, 0x00000240ebbf8640, 0x00000240ebbf7290, 0x00000240ebbf99f0,
0x00000240f3f19b40, 0x00000240f3f1cfc0, 0x00000240f3f1b580, 0x00000240f3f18790,
0x00000240f3f1a1d0, 0x00000240f3f1a860, 0x00000240f3f18e20, 0x00000240f3f173e0,
0x00000240f3f17a70, 0x00000240f3f194b0, 0x00000240f3f1bc10, 0x00000240f3f1aef0,
0x00000240f3f16030, 0x00000240f3f166c0, 0x00000240f3f1c2a0, 0x00000240f3f1d650,
0x00000240f3f16d50, 0x00000240f3f18100, 0x00000240f24752d0, 0x00000240f246fd80,
0x00000240f2473f20, 0x00000240f41533a0, 0x00000240f2475ff0
}

Java Threads: ( => current thread )
  0x0000024092b6e410 JavaThread "main"                              [_thread_blocked, id=6724, stack(0x000000ff57100000,0x000000ff57200000) (1024K)]
  0x0000024092b18430 JavaThread "Reference Handler"          daemon [_thread_blocked, id=13980, stack(0x000000ff57500000,0x000000ff57600000) (1024K)]
  0x0000024092b19e90 JavaThread "Finalizer"                  daemon [_thread_blocked, id=7900, stack(0x000000ff57600000,0x000000ff57700000) (1024K)]
  0x0000024092b1ce80 JavaThread "Signal Dispatcher"          daemon [_thread_blocked, id=2544, stack(0x000000ff57700000,0x000000ff57800000) (1024K)]
=>0x0000024092b1dad0 JavaThread "Attach Listener"            daemon [_thread_in_vm, id=14708, stack(0x000000ff57800000,0x000000ff57900000) (1024K)]
  0x00000240ebb06760 JavaThread "Service Thread"             daemon [_thread_blocked, id=15536, stack(0x000000ff57900000,0x000000ff57a00000) (1024K)]
  0x00000240ebb07710 JavaThread "Monitor Deflation Thread"   daemon [_thread_blocked, id=6660, stack(0x000000ff57a00000,0x000000ff57b00000) (1024K)]
  0x00000240ebb12690 JavaThread "C2 CompilerThread0"         daemon [_thread_blocked, id=25100, stack(0x000000ff57b00000,0x000000ff57c00000) (1024K)]
  0x00000240ebb153f0 JavaThread "C1 CompilerThread0"         daemon [_thread_blocked, id=15532, stack(0x000000ff57c00000,0x000000ff57d00000) (1024K)]
  0x0000024092bd9b30 JavaThread "Common-Cleaner"             daemon [_thread_blocked, id=5940, stack(0x000000ff57d00000,0x000000ff57e00000) (1024K)]
  0x00000240ebe3be70 JavaThread "Notification Thread"        daemon [_thread_blocked, id=15244, stack(0x000000ff57e00000,0x000000ff57f00000) (1024K)]
  0x00000240ed3b0320 JavaThread "Active Thread: Equinox Container: f0044545-1d73-4ca5-b064-88f838a0f3a4"        [_thread_blocked, id=17656, stack(0x000000ff58500000,0x000000ff58600000) (1024K)]
  0x00000240ed32fe80 JavaThread "Refresh Thread: Equinox Container: f0044545-1d73-4ca5-b064-88f838a0f3a4" daemon [_thread_blocked, id=11832, stack(0x000000ff58700000,0x000000ff58800000) (1024K)]
  0x00000240ebbcbc30 JavaThread "Framework Event Dispatcher: Equinox Container: f0044545-1d73-4ca5-b064-88f838a0f3a4" daemon [_thread_blocked, id=18492, stack(0x000000ff58800000,0x000000ff58900000) (1024K)]
  0x00000240ebbcd020 JavaThread "Start Level: Equinox Container: f0044545-1d73-4ca5-b064-88f838a0f3a4" daemon [_thread_blocked, id=13272, stack(0x000000ff58900000,0x000000ff58a00000) (1024K)]
  0x00000240ed4837b0 JavaThread "Bundle File Closer"         daemon [_thread_blocked, id=15736, stack(0x000000ff58d00000,0x000000ff58e00000) (1024K)]
  0x00000240f25fd070 JavaThread "SCR Component Actor"        daemon [_thread_blocked, id=20864, stack(0x000000ff58f00000,0x000000ff59000000) (1024K)]
  0x00000240ebbf8640 JavaThread "Worker-JM"                         [_thread_blocked, id=12844, stack(0x000000ff59100000,0x000000ff59200000) (1024K)]
  0x00000240ebbf7290 JavaThread "JNA Cleaner"                daemon [_thread_blocked, id=20852, stack(0x000000ff59300000,0x000000ff59400000) (1024K)]
  0x00000240ebbf99f0 JavaThread "Java indexing"              daemon [_thread_blocked, id=14396, stack(0x000000ff59a00000,0x000000ff59b00000) (1024K)]
  0x00000240f3f19b40 JavaThread "Thread-1"                   daemon [_thread_in_native, id=1324, stack(0x000000ff5a000000,0x000000ff5a100000) (1024K)]
  0x00000240f3f1cfc0 JavaThread "Thread-2"                   daemon [_thread_in_native, id=12516, stack(0x000000ff5a100000,0x000000ff5a200000) (1024K)]
  0x00000240f3f1b580 JavaThread "Thread-3"                   daemon [_thread_in_native, id=25024, stack(0x000000ff5a200000,0x000000ff5a300000) (1024K)]
  0x00000240f3f18790 JavaThread "Thread-4"                   daemon [_thread_in_native, id=21476, stack(0x000000ff5a300000,0x000000ff5a400000) (1024K)]
  0x00000240f3f1a1d0 JavaThread "Thread-5"                   daemon [_thread_in_native, id=11380, stack(0x000000ff5a400000,0x000000ff5a500000) (1024K)]
  0x00000240f3f1a860 JavaThread "Thread-6"                   daemon [_thread_in_native, id=10644, stack(0x000000ff5a500000,0x000000ff5a600000) (1024K)]
  0x00000240f3f18e20 JavaThread "Thread-7"                   daemon [_thread_in_native, id=4368, stack(0x000000ff5a600000,0x000000ff5a700000) (1024K)]
  0x00000240f3f173e0 JavaThread "Thread-8"                   daemon [_thread_in_native, id=9360, stack(0x000000ff5a700000,0x000000ff5a800000) (1024K)]
  0x00000240f3f17a70 JavaThread "Thread-9"                   daemon [_thread_in_native, id=23320, stack(0x000000ff5a800000,0x000000ff5a900000) (1024K)]
  0x00000240f3f194b0 JavaThread "Thread-10"                  daemon [_thread_in_native, id=18744, stack(0x000000ff5a900000,0x000000ff5aa00000) (1024K)]
  0x00000240f3f1bc10 JavaThread "Thread-11"                  daemon [_thread_in_native, id=4100, stack(0x000000ff5aa00000,0x000000ff5ab00000) (1024K)]
  0x00000240f3f1aef0 JavaThread "Thread-12"                  daemon [_thread_in_native, id=15976, stack(0x000000ff5ab00000,0x000000ff5ac00000) (1024K)]
  0x00000240f3f16030 JavaThread "Thread-13"                  daemon [_thread_in_native, id=23316, stack(0x000000ff5ac00000,0x000000ff5ad00000) (1024K)]
  0x00000240f3f166c0 JavaThread "Thread-14"                  daemon [_thread_in_native, id=9924, stack(0x000000ff5ad00000,0x000000ff5ae00000) (1024K)]
  0x00000240f3f1c2a0 JavaThread "Thread-15"                  daemon [_thread_in_native, id=7396, stack(0x000000ff5ae00000,0x000000ff5af00000) (1024K)]
  0x00000240f3f1d650 JavaThread "Thread-16"                  daemon [_thread_in_native, id=25468, stack(0x000000ff5af00000,0x000000ff5b000000) (1024K)]
  0x00000240f3f16d50 JavaThread "Thread-17"                  daemon [_thread_in_native, id=6440, stack(0x000000ff5b000000,0x000000ff5b100000) (1024K)]
  0x00000240f3f18100 JavaThread "pool-2-thread-1"                   [_thread_blocked, id=19920, stack(0x000000ff5b100000,0x000000ff5b200000) (1024K)]
  0x00000240f24752d0 JavaThread "WorkspaceEventsHandler"            [_thread_blocked, id=16860, stack(0x000000ff5b200000,0x000000ff5b300000) (1024K)]
  0x00000240f246fd80 JavaThread "pool-1-thread-1"                   [_thread_blocked, id=21616, stack(0x000000ff5b300000,0x000000ff5b400000) (1024K)]
  0x00000240f2473f20 JavaThread "Timer-0"                           [_thread_blocked, id=14224, stack(0x000000ff5c500000,0x000000ff5c600000) (1024K)]
  0x00000240f41533a0 JavaThread "Worker-7"                          [_thread_blocked, id=24044, stack(0x000000ff59400000,0x000000ff59500000) (1024K)]
  0x00000240f2475ff0 JavaThread "Worker-9"                          [_thread_blocked, id=316, stack(0x000000ff59f00000,0x000000ff5a000000) (1024K)]
Total: 43

Other Threads:
  0x0000024092c28c00 VMThread "VM Thread"                           [id=11100, stack(0x000000ff57400000,0x000000ff57500000) (1024K)]
  0x0000024092bd87d0 WatcherThread "VM Periodic Task Thread"        [id=5820, stack(0x000000ff57300000,0x000000ff57400000) (1024K)]
  0x0000024092b8b680 WorkerThread "GC Thread#0"                     [id=3412, stack(0x000000ff57200000,0x000000ff57300000) (1024K)]
  0x00000240ed2dfa40 WorkerThread "GC Thread#1"                     [id=8200, stack(0x000000ff57f00000,0x000000ff58000000) (1024K)]
  0x00000240ed2cb670 WorkerThread "GC Thread#2"                     [id=23400, stack(0x000000ff58000000,0x000000ff58100000) (1024K)]
  0x00000240ed2cba10 WorkerThread "GC Thread#3"                     [id=15484, stack(0x000000ff58100000,0x000000ff58200000) (1024K)]
  0x00000240ed2c4f20 WorkerThread "GC Thread#4"                     [id=17056, stack(0x000000ff58200000,0x000000ff58300000) (1024K)]
  0x00000240ed355320 WorkerThread "GC Thread#5"                     [id=7748, stack(0x000000ff58300000,0x000000ff58400000) (1024K)]
  0x00000240ed3556c0 WorkerThread "GC Thread#6"                     [id=5916, stack(0x000000ff58400000,0x000000ff58500000) (1024K)]
  0x00000240ed333600 WorkerThread "GC Thread#7"                     [id=15700, stack(0x000000ff58600000,0x000000ff58700000) (1024K)]
  0x00000240f23f2220 WorkerThread "GC Thread#8"                     [id=7960, stack(0x000000ff58a00000,0x000000ff58b00000) (1024K)]
  0x00000240f23b2010 WorkerThread "GC Thread#9"                     [id=5056, stack(0x000000ff58b00000,0x000000ff58c00000) (1024K)]
  0x00000240ed245e10 WorkerThread "GC Thread#10"                    [id=13676, stack(0x000000ff58c00000,0x000000ff58d00000) (1024K)]
  0x00000240ed2461b0 WorkerThread "GC Thread#11"                    [id=1896, stack(0x000000ff59000000,0x000000ff59100000) (1024K)]
  0x00000240ed246550 WorkerThread "GC Thread#12"                    [id=24564, stack(0x000000ff59200000,0x000000ff59300000) (1024K)]
Total: 15

Threads with active compile tasks:
Total: 0

VM state: not at safepoint (normal execution)

VM Mutex/Monitor currently owned by a thread: None

Heap address: 0x0000000080000000, size: 2048 MB, Compressed Oops mode: 32-bit

CDS archive(s) mapped at: [0x00000240aa000000-0x00000240aaba0000-0x00000240aaba0000), size 12189696, SharedBaseAddress: 0x00000240aa000000, ArchiveRelocationMode: 1.
Compressed class space mapped at: 0x00000240ab000000-0x00000240eb000000, reserved size: 1073741824
Narrow klass base: 0x00000240aa000000, Narrow klass shift: 0, Narrow klass range: 0x100000000

GC Precious Log:
 CardTable entry size: 512
 CPUs: 16 total, 16 available
 Memory: 5996M
 Large Page Support: Disabled
 NUMA Support: Disabled
 Compressed Oops: Enabled (32-bit)
 Alignments: Space 512K, Generation 512K, Heap 2M
 Heap Min Capacity: 100M
 Heap Initial Capacity: 100M
 Heap Max Capacity: 2G
 Pre-touch: Disabled
 Parallel Workers: 13

Heap:
 PSYoungGen      total 7168K, used 2756K [0x00000000d5580000, 0x00000000d5e80000, 0x0000000100000000)
  eden space 6144K, 33% used [0x00000000d5580000,0x00000000d57811a8,0x00000000d5b80000)
  from space 1024K, 68% used [0x00000000d5d80000,0x00000000d5e30000,0x00000000d5e80000)
  to   space 1536K, 0% used [0x00000000d5b80000,0x00000000d5b80000,0x00000000d5d00000)
 ParOldGen       total 177152K, used 176694K [0x0000000080000000, 0x000000008ad00000, 0x00000000d5580000)
  object space 177152K, 99% used [0x0000000080000000,0x000000008ac8daf8,0x000000008ad00000)
 Metaspace       used 76221K, committed 77824K, reserved 1179648K
  class space    used 8615K, committed 9344K, reserved 1048576K

Card table byte_map: [0x0000024092510000,0x0000024092920000] _byte_map_base: 0x0000024092110000

Marking Bits: (ParMarkBitMap*) 0x00007ffd16b9a340
 Begin Bits: [0x00000240a5010000, 0x00000240a7010000)
 End Bits:   [0x00000240a7010000, 0x00000240a9010000)

Polling page: 0x0000024090990000

Metaspace:

Usage:
  Non-class:     66.02 MB used.
      Class:      8.41 MB used.
       Both:     74.44 MB used.

Virtual space:
  Non-class space:      128.00 MB reserved,      66.88 MB ( 52%) committed,  2 nodes.
      Class space:        1.00 GB reserved,       9.12 MB ( <1%) committed,  1 nodes.
             Both:        1.12 GB reserved,      76.00 MB (  7%) committed. 

Chunk freelists:
   Non-Class:  12.31 MB
       Class:  6.86 MB
        Both:  19.17 MB

MaxMetaspaceSize: unlimited
CompressedClassSpaceSize: 1.00 GB
Initial GC threshold: 21.00 MB
Current GC threshold: 97.31 MB
CDS: on
 - commit_granule_bytes: 65536.
 - commit_granule_words: 8192.
 - virtual_space_node_default_size: 8388608.
 - enlarge_chunks_in_place: 1.
 - use_allocation_guard: 0.


Internal statistics:

num_allocs_failed_limit: 9.
num_arena_births: 1298.
num_arena_deaths: 42.
num_vsnodes_births: 3.
num_vsnodes_deaths: 0.
num_space_committed: 1216.
num_space_uncommitted: 0.
num_chunks_returned_to_freelist: 63.
num_chunks_taken_from_freelist: 4637.
num_chunk_merges: 12.
num_chunk_splits: 2884.
num_chunks_enlarged: 1742.
num_inconsistent_stats: 0.

CodeHeap 'non-profiled nmethods': size=119168Kb used=6478Kb max_used=6478Kb free=112690Kb
 bounds [0x000002409d900000, 0x000002409df60000, 0x00000240a4d60000]
CodeHeap 'profiled nmethods': size=119104Kb used=27029Kb max_used=27029Kb free=92074Kb
 bounds [0x0000024095d60000, 0x00000240977d0000, 0x000002409d1b0000]
CodeHeap 'non-nmethods': size=7488Kb used=1471Kb max_used=3164Kb free=6016Kb
 bounds [0x000002409d1b0000, 0x000002409d4d0000, 0x000002409d900000]
CodeCache: size=245760Kb, used=34978Kb, max_used=36671Kb, free=210780Kb
 total_blobs=12481, nmethods=11696, adapters=689, full_count=0
Compilation: enabled, stopped_count=0, restarted_count=0

Compilation events (20 events):
Event: 10699.960 Thread 0x00000240ebb153f0 12388       3       java.util.logging.LogManager::getLogger (9 bytes)
Event: 10699.960 Thread 0x00000240ebb153f0 nmethod 12388 0x00000240977bf510 code [0x00000240977bf6c0, 0x00000240977bf8d0]
Event: 11218.358 Thread 0x00000240ebb12690 12389       4       java.util.concurrent.locks.AbstractQueuedSynchronizer$ConditionObject::canReacquire (38 bytes)
Event: 11218.390 Thread 0x00000240ebb12690 nmethod 12389 0x000002409df51b10 code [0x000002409df51ca0, 0x000002409df51d80]
Event: 11523.861 Thread 0x00000240ebb153f0 12390   !   3       org.eclipse.osgi.storage.Storage::save0 (246 bytes)
Event: 11523.952 Thread 0x00000240ebb153f0 nmethod 12390 0x00000240977bfa10 code [0x00000240977bff20, 0x00000240977c2b08]
Event: 12935.931 Thread 0x00000240ebb12690 12391       4       java.util.concurrent.ScheduledThreadPoolExecutor::canRunInCurrentRunState (61 bytes)
Event: 12935.962 Thread 0x00000240ebb12690 nmethod 12391 0x000002409df51e90 code [0x000002409df52020, 0x000002409df520e8]
Event: 14127.870 Thread 0x00000240ebb153f0 12392       3       java.util.concurrent.atomic.AtomicLong::updateAndGet (59 bytes)
Event: 14127.894 Thread 0x00000240ebb153f0 nmethod 12392 0x00000240977c4090 code [0x00000240977c4280, 0x00000240977c4798]
Event: 14127.895 Thread 0x00000240ebb153f0 12393       3       java.util.concurrent.atomic.AtomicLong::weakCompareAndSetVolatile (13 bytes)
Event: 14127.897 Thread 0x00000240ebb153f0 nmethod 12393 0x00000240977c4a10 code [0x00000240977c4bc0, 0x00000240977c4d20]
Event: 14127.897 Thread 0x00000240ebb153f0 12394       3       org.eclipse.core.internal.jobs.JobManager::lifeTimeInMs (19 bytes)
Event: 14127.898 Thread 0x00000240ebb153f0 nmethod 12394 0x00000240977c4e10 code [0x00000240977c4fc0, 0x00000240977c51e8]
Event: 14229.786 Thread 0x00000240ebb12690 12395       4       jdk.internal.misc.InnocuousThread::eraseThreadLocals (23 bytes)
Event: 14229.825 Thread 0x00000240ebb12690 nmethod 12395 0x000002409df52210 code [0x000002409df523a0, 0x000002409df52430]
Event: 15027.968 Thread 0x00000240ebb12690 12396       4       org.eclipse.core.internal.utils.StringPool::add (50 bytes)
Event: 15027.982 Thread 0x00000240ebb153f0 12397       3       org.eclipse.core.internal.jobs.JobListeners::queueEvent (15 bytes)
Event: 15028.006 Thread 0x00000240ebb153f0 nmethod 12397 0x00000240977c5310 code [0x00000240977c54c0, 0x00000240977c56a8]
Event: 15028.174 Thread 0x00000240ebb12690 nmethod 12396 0x000002409df52510 code [0x000002409df52760, 0x000002409df53030]

GC Heap History (20 events):
Event: 4497.151 GC heap before
{Heap before GC invocations=100 (full 3):
 PSYoungGen      total 6656K, used 6528K [0x00000000d5580000, 0x00000000d5f00000, 0x0000000100000000)
  eden space 4096K, 100% used [0x00000000d5580000,0x00000000d5980000,0x00000000d5980000)
  from space 2560K, 95% used [0x00000000d5c80000,0x00000000d5ee0000,0x00000000d5f00000)
  to   space 2560K, 0% used [0x00000000d5a00000,0x00000000d5a00000,0x00000000d5c80000)
 ParOldGen       total 160256K, used 160057K [0x0000000080000000, 0x0000000089c80000, 0x00000000d5580000)
  object space 160256K, 99% used [0x0000000080000000,0x0000000089c4e6d0,0x0000000089c80000)
 Metaspace       used 72882K, committed 74432K, reserved 1114112K
  class space    used 8407K, committed 9088K, reserved 1048576K
}
Event: 4497.155 GC heap after
{Heap after GC invocations=100 (full 3):
 PSYoungGen      total 7168K, used 2560K [0x00000000d5580000, 0x00000000d6580000, 0x0000000100000000)
  eden space 4608K, 0% used [0x00000000d5580000,0x00000000d5580000,0x00000000d5a00000)
  from space 2560K, 100% used [0x00000000d5a00000,0x00000000d5c80000,0x00000000d5c80000)
  to   space 5632K, 0% used [0x00000000d6000000,0x00000000d6000000,0x00000000d6580000)
 ParOldGen       total 162816K, used 162601K [0x0000000080000000, 0x0000000089f00000, 0x00000000d5580000)
  object space 162816K, 99% used [0x0000000080000000,0x0000000089eca6d0,0x0000000089f00000)
 Metaspace       used 72882K, committed 74432K, reserved 1114112K
  class space    used 8407K, committed 9088K, reserved 1048576K
}
Event: 4497.160 GC heap before
{Heap before GC invocations=101 (full 3):
 PSYoungGen      total 7168K, used 7168K [0x00000000d5580000, 0x00000000d6580000, 0x0000000100000000)
  eden space 4608K, 100% used [0x00000000d5580000,0x00000000d5a00000,0x00000000d5a00000)
  from space 2560K, 100% used [0x00000000d5a00000,0x00000000d5c80000,0x00000000d5c80000)
  to   space 5632K, 0% used [0x00000000d6000000,0x00000000d6000000,0x00000000d6580000)
 ParOldGen       total 162816K, used 162601K [0x0000000080000000, 0x0000000089f00000, 0x00000000d5580000)
  object space 162816K, 99% used [0x0000000080000000,0x0000000089eca6d0,0x0000000089f00000)
 Metaspace       used 72893K, committed 74432K, reserved 1114112K
  class space    used 8409K, committed 9088K, reserved 1048576K
}
Event: 4497.165 GC heap after
{Heap after GC invocations=101 (full 3):
 PSYoungGen      total 9728K, used 3648K [0x00000000d5580000, 0x00000000d6400000, 0x0000000100000000)
  eden space 5632K, 0% used [0x00000000d5580000,0x00000000d5580000,0x00000000d5b00000)
  from space 4096K, 89% used [0x00000000d6000000,0x00000000d6390000,0x00000000d6400000)
  to   space 4608K, 0% used [0x00000000d5b00000,0x00000000d5b00000,0x00000000d5f80000)
 ParOldGen       total 165376K, used 165201K [0x0000000080000000, 0x000000008a180000, 0x00000000d5580000)
  object space 165376K, 99% used [0x0000000080000000,0x000000008a1546d0,0x000000008a180000)
 Metaspace       used 72893K, committed 74432K, reserved 1114112K
  class space    used 8409K, committed 9088K, reserved 1048576K
}
Event: 4497.339 GC heap before
{Heap before GC invocations=102 (full 3):
 PSYoungGen      total 9728K, used 9280K [0x00000000d5580000, 0x00000000d6400000, 0x0000000100000000)
  eden space 5632K, 100% used [0x00000000d5580000,0x00000000d5b00000,0x00000000d5b00000)
  from space 4096K, 89% used [0x00000000d6000000,0x00000000d6390000,0x00000000d6400000)
  to   space 4608K, 0% used [0x00000000d5b00000,0x00000000d5b00000,0x00000000d5f80000)
 ParOldGen       total 165376K, used 165201K [0x0000000080000000, 0x000000008a180000, 0x00000000d5580000)
  object space 165376K, 99% used [0x0000000080000000,0x000000008a1546d0,0x000000008a180000)
 Metaspace       used 73349K, committed 74944K, reserved 1179648K
  class space    used 8448K, committed 9152K, reserved 1048576K
}
Event: 4497.343 GC heap after
{Heap after GC invocations=102 (full 3):
 PSYoungGen      total 6656K, used 697K [0x00000000d5580000, 0x00000000d6080000, 0x0000000100000000)
  eden space 5632K, 0% used [0x00000000d5580000,0x00000000d5580000,0x00000000d5b00000)
  from space 1024K, 68% used [0x00000000d5b00000,0x00000000d5bae470,0x00000000d5c00000)
  to   space 2048K, 0% used [0x00000000d5e80000,0x00000000d5e80000,0x00000000d6080000)
 ParOldGen       total 168960K, used 168681K [0x0000000080000000, 0x000000008a500000, 0x00000000d5580000)
  object space 168960K, 99% used [0x0000000080000000,0x000000008a4ba6d0,0x000000008a500000)
 Metaspace       used 73349K, committed 74944K, reserved 1179648K
  class space    used 8448K, committed 9152K, reserved 1048576K
}
Event: 4497.561 GC heap before
{Heap before GC invocations=103 (full 3):
 PSYoungGen      total 6656K, used 6329K [0x00000000d5580000, 0x00000000d6080000, 0x0000000100000000)
  eden space 5632K, 100% used [0x00000000d5580000,0x00000000d5b00000,0x00000000d5b00000)
  from space 1024K, 68% used [0x00000000d5b00000,0x00000000d5bae470,0x00000000d5c00000)
  to   space 2048K, 0% used [0x00000000d5e80000,0x00000000d5e80000,0x00000000d6080000)
 ParOldGen       total 168960K, used 168681K [0x0000000080000000, 0x000000008a500000, 0x00000000d5580000)
  object space 168960K, 99% used [0x0000000080000000,0x000000008a4ba6d0,0x000000008a500000)
 Metaspace       used 73616K, committed 75200K, reserved 1179648K
  class space    used 8469K, committed 9152K, reserved 1048576K
}
Event: 4497.563 GC heap after
{Heap after GC invocations=103 (full 3):
 PSYoungGen      total 9216K, used 1649K [0x00000000d5580000, 0x00000000d6080000, 0x0000000100000000)
  eden space 7168K, 0% used [0x00000000d5580000,0x00000000d5580000,0x00000000d5c80000)
  from space 2048K, 80% used [0x00000000d5e80000,0x00000000d601c6d8,0x00000000d6080000)
  to   space 2048K, 0% used [0x00000000d5c80000,0x00000000d5c80000,0x00000000d5e80000)
 ParOldGen       total 169472K, used 169215K [0x0000000080000000, 0x000000008a580000, 0x00000000d5580000)
  object space 169472K, 99% used [0x0000000080000000,0x000000008a53fe88,0x000000008a580000)
 Metaspace       used 73616K, committed 75200K, reserved 1179648K
  class space    used 8469K, committed 9152K, reserved 1048576K
}
Event: 4497.695 GC heap before
{Heap before GC invocations=104 (full 3):
 PSYoungGen      total 9216K, used 8817K [0x00000000d5580000, 0x00000000d6080000, 0x0000000100000000)
  eden space 7168K, 100% used [0x00000000d5580000,0x00000000d5c80000,0x00000000d5c80000)
  from space 2048K, 80% used [0x00000000d5e80000,0x00000000d601c6d8,0x00000000d6080000)
  to   space 2048K, 0% used [0x00000000d5c80000,0x00000000d5c80000,0x00000000d5e80000)
 ParOldGen       total 169472K, used 169215K [0x0000000080000000, 0x000000008a580000, 0x00000000d5580000)
  object space 169472K, 99% used [0x0000000080000000,0x000000008a53fe88,0x000000008a580000)
 Metaspace       used 73979K, committed 75520K, reserved 1179648K
  class space    used 8498K, committed 9152K, reserved 1048576K
}
Event: 4497.698 GC heap after
{Heap after GC invocations=104 (full 3):
 PSYoungGen      total 9216K, used 1783K [0x00000000d5580000, 0x00000000d6080000, 0x0000000100000000)
  eden space 7168K, 0% used [0x00000000d5580000,0x00000000d5580000,0x00000000d5c80000)
  from space 2048K, 87% used [0x00000000d5c80000,0x00000000d5e3ded8,0x00000000d5e80000)
  to   space 2048K, 0% used [0x00000000d5e80000,0x00000000d5e80000,0x00000000d6080000)
 ParOldGen       total 171008K, used 170596K [0x0000000080000000, 0x000000008a700000, 0x00000000d5580000)
  object space 171008K, 99% used [0x0000000080000000,0x000000008a699340,0x000000008a700000)
 Metaspace       used 73979K, committed 75520K, reserved 1179648K
  class space    used 8498K, committed 9152K, reserved 1048576K
}
Event: 4497.801 GC heap before
{Heap before GC invocations=105 (full 3):
 PSYoungGen      total 9216K, used 8948K [0x00000000d5580000, 0x00000000d6080000, 0x0000000100000000)
  eden space 7168K, 99% used [0x00000000d5580000,0x00000000d5c7f3b0,0x00000000d5c80000)
  from space 2048K, 87% used [0x00000000d5c80000,0x00000000d5e3ded8,0x00000000d5e80000)
  to   space 2048K, 0% used [0x00000000d5e80000,0x00000000d5e80000,0x00000000d6080000)
 ParOldGen       total 171008K, used 170596K [0x0000000080000000, 0x000000008a700000, 0x00000000d5580000)
  object space 171008K, 99% used [0x0000000080000000,0x000000008a699340,0x000000008a700000)
 Metaspace       used 74385K, committed 75968K, reserved 1179648K
  class space    used 8556K, committed 9280K, reserved 1048576K
}
Event: 4497.804 GC heap after
{Heap after GC invocations=105 (full 3):
 PSYoungGen      total 8704K, used 1088K [0x00000000d5580000, 0x00000000d6000000, 0x0000000100000000)
  eden space 7168K, 0% used [0x00000000d5580000,0x00000000d5580000,0x00000000d5c80000)
  from space 1536K, 70% used [0x00000000d5e80000,0x00000000d5f90020,0x00000000d6000000)
  to   space 1536K, 0% used [0x00000000d5d00000,0x00000000d5d00000,0x00000000d5e80000)
 ParOldGen       total 172544K, used 172190K [0x0000000080000000, 0x000000008a880000, 0x00000000d5580000)
  object space 172544K, 99% used [0x0000000080000000,0x000000008a827a88,0x000000008a880000)
 Metaspace       used 74385K, committed 75968K, reserved 1179648K
  class space    used 8556K, committed 9280K, reserved 1048576K
}
Event: 4498.025 GC heap before
{Heap before GC invocations=106 (full 3):
 PSYoungGen      total 8704K, used 8256K [0x00000000d5580000, 0x00000000d6000000, 0x0000000100000000)
  eden space 7168K, 100% used [0x00000000d5580000,0x00000000d5c80000,0x00000000d5c80000)
  from space 1536K, 70% used [0x00000000d5e80000,0x00000000d5f90020,0x00000000d6000000)
  to   space 1536K, 0% used [0x00000000d5d00000,0x00000000d5d00000,0x00000000d5e80000)
 ParOldGen       total 172544K, used 172190K [0x0000000080000000, 0x000000008a880000, 0x00000000d5580000)
  object space 172544K, 99% used [0x0000000080000000,0x000000008a827a88,0x000000008a880000)
 Metaspace       used 74972K, committed 76608K, reserved 1179648K
  class space    used 8571K, committed 9280K, reserved 1048576K
}
Event: 4498.027 GC heap after
{Heap after GC invocations=106 (full 3):
 PSYoungGen      total 8704K, used 1369K [0x00000000d5580000, 0x00000000d5f80000, 0x0000000100000000)
  eden space 7168K, 0% used [0x00000000d5580000,0x00000000d5580000,0x00000000d5c80000)
  from space 1536K, 89% used [0x00000000d5d00000,0x00000000d5e56768,0x00000000d5e80000)
  to   space 1024K, 0% used [0x00000000d5e80000,0x00000000d5e80000,0x00000000d5f80000)
 ParOldGen       total 173568K, used 173138K [0x0000000080000000, 0x000000008a980000, 0x00000000d5580000)
  object space 173568K, 99% used [0x0000000080000000,0x000000008a914ab8,0x000000008a980000)
 Metaspace       used 74972K, committed 76608K, reserved 1179648K
  class space    used 8571K, committed 9280K, reserved 1048576K
}
Event: 4498.235 GC heap before
{Heap before GC invocations=107 (full 3):
 PSYoungGen      total 8704K, used 8537K [0x00000000d5580000, 0x00000000d5f80000, 0x0000000100000000)
  eden space 7168K, 100% used [0x00000000d5580000,0x00000000d5c80000,0x00000000d5c80000)
  from space 1536K, 89% used [0x00000000d5d00000,0x00000000d5e56768,0x00000000d5e80000)
  to   space 1024K, 0% used [0x00000000d5e80000,0x00000000d5e80000,0x00000000d5f80000)
 ParOldGen       total 173568K, used 173138K [0x0000000080000000, 0x000000008a980000, 0x00000000d5580000)
  object space 173568K, 99% used [0x0000000080000000,0x000000008a914ab8,0x000000008a980000)
 Metaspace       used 75608K, committed 77248K, reserved 1179648K
  class space    used 8575K, committed 9280K, reserved 1048576K
}
Event: 4498.238 GC heap after
{Heap after GC invocations=107 (full 3):
 PSYoungGen      total 7168K, used 1024K [0x00000000d5580000, 0x00000000d6280000, 0x0000000100000000)
  eden space 6144K, 0% used [0x00000000d5580000,0x00000000d5580000,0x00000000d5b80000)
  from space 1024K, 100% used [0x00000000d5e80000,0x00000000d5f80000,0x00000000d5f80000)
  to   space 3072K, 0% used [0x00000000d5b80000,0x00000000d5b80000,0x00000000d5e80000)
 ParOldGen       total 175104K, used 174864K [0x0000000080000000, 0x000000008ab00000, 0x00000000d5580000)
  object space 175104K, 99% used [0x0000000080000000,0x000000008aac40a8,0x000000008ab00000)
 Metaspace       used 75608K, committed 77248K, reserved 1179648K
  class space    used 8575K, committed 9280K, reserved 1048576K
}
Event: 4498.412 GC heap before
{Heap before GC invocations=108 (full 3):
 PSYoungGen      total 7168K, used 7168K [0x00000000d5580000, 0x00000000d6280000, 0x0000000100000000)
  eden space 6144K, 100% used [0x00000000d5580000,0x00000000d5b80000,0x00000000d5b80000)
  from space 1024K, 100% used [0x00000000d5e80000,0x00000000d5f80000,0x00000000d5f80000)
  to   space 3072K, 0% used [0x00000000d5b80000,0x00000000d5b80000,0x00000000d5e80000)
 ParOldGen       total 175104K, used 174864K [0x0000000080000000, 0x000000008ab00000, 0x00000000d5580000)
  object space 175104K, 99% used [0x0000000080000000,0x000000008aac40a8,0x000000008ab00000)
 Metaspace       used 75877K, committed 77440K, reserved 1179648K
  class space    used 8581K, committed 9280K, reserved 1048576K
}
Event: 4498.415 GC heap after
{Heap after GC invocations=108 (full 3):
 PSYoungGen      total 7680K, used 1464K [0x00000000d5580000, 0x00000000d5f80000, 0x0000000100000000)
  eden space 6144K, 0% used [0x00000000d5580000,0x00000000d5580000,0x00000000d5b80000)
  from space 1536K, 95% used [0x00000000d5b80000,0x00000000d5cee1a0,0x00000000d5d00000)
  to   space 2048K, 0% used [0x00000000d5d80000,0x00000000d5d80000,0x00000000d5f80000)
 ParOldGen       total 176128K, used 175888K [0x0000000080000000, 0x000000008ac00000, 0x00000000d5580000)
  object space 176128K, 99% used [0x0000000080000000,0x000000008abc40e8,0x000000008ac00000)
 Metaspace       used 75877K, committed 77440K, reserved 1179648K
  class space    used 8581K, committed 9280K, reserved 1048576K
}
Event: 4797.450 GC heap before
{Heap before GC invocations=109 (full 3):
 PSYoungGen      total 7680K, used 7608K [0x00000000d5580000, 0x00000000d5f80000, 0x0000000100000000)
  eden space 6144K, 100% used [0x00000000d5580000,0x00000000d5b80000,0x00000000d5b80000)
  from space 1536K, 95% used [0x00000000d5b80000,0x00000000d5cee1a0,0x00000000d5d00000)
  to   space 2048K, 0% used [0x00000000d5d80000,0x00000000d5d80000,0x00000000d5f80000)
 ParOldGen       total 176128K, used 175888K [0x0000000080000000, 0x000000008ac00000, 0x00000000d5580000)
  object space 176128K, 99% used [0x0000000080000000,0x000000008abc40e8,0x000000008ac00000)
 Metaspace       used 75980K, committed 77568K, reserved 1179648K
  class space    used 8591K, committed 9280K, reserved 1048576K
}
Event: 4797.518 GC heap after
{Heap after GC invocations=109 (full 3):
 PSYoungGen      total 7168K, used 704K [0x00000000d5580000, 0x00000000d5e80000, 0x0000000100000000)
  eden space 6144K, 0% used [0x00000000d5580000,0x00000000d5580000,0x00000000d5b80000)
  from space 1024K, 68% used [0x00000000d5d80000,0x00000000d5e30000,0x00000000d5e80000)
  to   space 1536K, 0% used [0x00000000d5b80000,0x00000000d5b80000,0x00000000d5d00000)
 ParOldGen       total 177152K, used 176694K [0x0000000080000000, 0x000000008ad00000, 0x00000000d5580000)
  object space 177152K, 99% used [0x0000000080000000,0x000000008ac8daf8,0x000000008ad00000)
 Metaspace       used 75980K, committed 77568K, reserved 1179648K
  class space    used 8591K, committed 9280K, reserved 1048576K
}

Dll operation events (15 events):
Event: 0.016 Loaded shared library c:\Users\ADMIN\.vscode\extensions\redhat.java-1.47.0-win32-x64\jre\21.0.8-win32-x86_64\bin\java.dll
Event: 0.131 Loaded shared library c:\Users\ADMIN\.vscode\extensions\redhat.java-1.47.0-win32-x64\jre\21.0.8-win32-x86_64\bin\zip.dll
Event: 0.158 Loaded shared library C:\Users\ADMIN\.vscode\extensions\redhat.java-1.47.0-win32-x64\jre\21.0.8-win32-x86_64\bin\instrument.dll
Event: 0.166 Loaded shared library C:\Users\ADMIN\.vscode\extensions\redhat.java-1.47.0-win32-x64\jre\21.0.8-win32-x86_64\bin\net.dll
Event: 0.170 Loaded shared library C:\Users\ADMIN\.vscode\extensions\redhat.java-1.47.0-win32-x64\jre\21.0.8-win32-x86_64\bin\nio.dll
Event: 0.177 Loaded shared library C:\Users\ADMIN\.vscode\extensions\redhat.java-1.47.0-win32-x64\jre\21.0.8-win32-x86_64\bin\zip.dll
Event: 0.204 Loaded shared library C:\Users\ADMIN\.vscode\extensions\redhat.java-1.47.0-win32-x64\jre\21.0.8-win32-x86_64\bin\jimage.dll
Event: 0.294 Loaded shared library c:\Users\ADMIN\.vscode\extensions\redhat.java-1.47.0-win32-x64\jre\21.0.8-win32-x86_64\bin\verify.dll
Event: 7.509 Loaded shared library C:\Users\ADMIN\AppData\Roaming\Code\User\globalStorage\redhat.java\1.47.0\config_win\org.eclipse.equinox.launcher\org.eclipse.equinox.launcher.win32.win32.x86_64_1.2.1400.v20250801-0854\eclipse_11916.dll
Event: 15.653 Loaded shared library C:\Users\ADMIN\AppData\Local\Temp\jna-62130991\jna6770161598154045897.dll
Event: 18.021 Loaded shared library C:\Users\ADMIN\.vscode\extensions\redhat.java-1.47.0-win32-x64\jre\21.0.8-win32-x86_64\bin\sunmscapi.dll
Event: 18.599 Loaded shared library C:\Users\ADMIN\.vscode\extensions\redhat.java-1.47.0-win32-x64\jre\21.0.8-win32-x86_64\bin\extnet.dll
Event: 21.471 Loaded shared library C:\Users\ADMIN\.gradle\native\1def1411415f61bf3af743bc5b6707747c0891f09f0c88961ee8f79bc544acac\windows-amd64\native-platform.dll
Event: 23.147 Loaded shared library C:\Users\ADMIN\.vscode\extensions\redhat.java-1.47.0-win32-x64\jre\21.0.8-win32-x86_64\bin\management.dll
Event: 23.150 Loaded shared library C:\Users\ADMIN\.vscode\extensions\redhat.java-1.47.0-win32-x64\jre\21.0.8-win32-x86_64\bin\management_ext.dll

Deoptimization events (20 events):
Event: 4797.740 Thread 0x00000240f41533a0 Uncommon trap: trap_request=0xffffffde fr.pc=0x000002409df484c4 relative=0x0000000000000dc4
Event: 4797.740 Thread 0x00000240f41533a0 Uncommon trap: reason=class_check action=maybe_recompile pc=0x000002409df484c4 method=java.io.DataOutputStream.write([BII)V @ 7 c2
Event: 4797.740 Thread 0x00000240f41533a0 DEOPT PACKING pc=0x000002409df484c4 sp=0x000000ff594fed00
Event: 4797.740 Thread 0x00000240f41533a0 DEOPT UNPACKING pc=0x000002409d203aa2 sp=0x000000ff594fec30 mode 2
Event: 4797.740 Thread 0x00000240f41533a0 Uncommon trap: trap_request=0xffffffde fr.pc=0x000002409df484c4 relative=0x0000000000000dc4
Event: 4797.740 Thread 0x00000240f41533a0 Uncommon trap: reason=class_check action=maybe_recompile pc=0x000002409df484c4 method=java.io.DataOutputStream.write([BII)V @ 7 c2
Event: 4797.740 Thread 0x00000240f41533a0 DEOPT PACKING pc=0x000002409df484c4 sp=0x000000ff594fec40
Event: 4797.740 Thread 0x00000240f41533a0 DEOPT UNPACKING pc=0x000002409d203aa2 sp=0x000000ff594feb70 mode 2
Event: 4797.741 Thread 0x00000240f41533a0 Uncommon trap: trap_request=0xffffffde fr.pc=0x000002409dd59780 relative=0x0000000000000500
Event: 4797.741 Thread 0x00000240f41533a0 Uncommon trap: reason=class_check action=maybe_recompile pc=0x000002409dd59780 method=java.io.DataOutputStream.writeInt(I)V @ 19 c2
Event: 4797.741 Thread 0x00000240f41533a0 DEOPT PACKING pc=0x000002409dd59780 sp=0x000000ff594febc0
Event: 4797.741 Thread 0x00000240f41533a0 DEOPT UNPACKING pc=0x000002409d203aa2 sp=0x000000ff594feb78 mode 2
Event: 4797.741 Thread 0x00000240f41533a0 Uncommon trap: trap_request=0xffffffde fr.pc=0x000002409dd59780 relative=0x0000000000000500
Event: 4797.741 Thread 0x00000240f41533a0 Uncommon trap: reason=class_check action=maybe_recompile pc=0x000002409dd59780 method=java.io.DataOutputStream.writeInt(I)V @ 19 c2
Event: 4797.741 Thread 0x00000240f41533a0 DEOPT PACKING pc=0x000002409dd59780 sp=0x000000ff594feb50
Event: 4797.741 Thread 0x00000240f41533a0 DEOPT UNPACKING pc=0x000002409d203aa2 sp=0x000000ff594feb08 mode 2
Event: 4797.741 Thread 0x00000240f41533a0 Uncommon trap: trap_request=0xffffffde fr.pc=0x000002409dd53ba4 relative=0x0000000000000b44
Event: 4797.741 Thread 0x00000240f41533a0 Uncommon trap: reason=class_check action=maybe_recompile pc=0x000002409dd53ba4 method=java.io.DataOutputStream.write([BII)V @ 7 c2
Event: 4797.741 Thread 0x00000240f41533a0 DEOPT PACKING pc=0x000002409dd53ba4 sp=0x000000ff594fe8c0
Event: 4797.741 Thread 0x00000240f41533a0 DEOPT UNPACKING pc=0x000002409d203aa2 sp=0x000000ff594fe7e0 mode 2

Classes loaded (20 events):
Event: 4797.531 Loading class java/util/stream/Nodes$CollectorTask$OfRef
Event: 4797.537 Loading class java/util/stream/Nodes$CollectorTask
Event: 4797.542 Loading class java/util/stream/Nodes$CollectorTask done
Event: 4797.542 Loading class java/util/stream/Nodes$CollectorTask$OfRef done
Event: 4797.615 Loading class java/util/function/LongFunction
Event: 4797.617 Loading class java/util/function/LongFunction done
Event: 4797.621 Loading class java/util/stream/Nodes$ConcNode
Event: 4797.623 Loading class java/util/stream/Nodes$AbstractConcNode
Event: 4797.625 Loading class java/util/stream/Nodes$AbstractConcNode done
Event: 4797.625 Loading class java/util/stream/Nodes$ConcNode done
Event: 4797.708 Loading class java/util/stream/Nodes$ToArrayTask$OfRef
Event: 4797.710 Loading class java/util/stream/Nodes$ToArrayTask
Event: 4797.710 Loading class java/util/stream/Nodes$ToArrayTask done
Event: 4797.710 Loading class java/util/stream/Nodes$ToArrayTask$OfRef done
Event: 4797.721 Loading class java/io/ObjectOutputStream$BlockDataOutputStream
Event: 4797.721 Loading class java/io/ObjectOutputStream$BlockDataOutputStream done
Event: 4797.721 Loading class java/io/ObjectOutputStream$HandleTable
Event: 4797.722 Loading class java/io/ObjectOutputStream$HandleTable done
Event: 4797.722 Loading class java/io/ObjectOutputStream$ReplaceTable
Event: 4797.722 Loading class java/io/ObjectOutputStream$ReplaceTable done

Classes unloaded (20 events):
Event: 16.386 Thread 0x0000024092c28c00 Unloading class 0x00000240ab1a4c00 'java/lang/invoke/LambdaForm$MH+0x00000240ab1a4c00'
Event: 16.386 Thread 0x0000024092c28c00 Unloading class 0x00000240ab1a4800 'java/lang/invoke/LambdaForm$MH+0x00000240ab1a4800'
Event: 16.386 Thread 0x0000024092c28c00 Unloading class 0x00000240ab1a4400 'java/lang/invoke/LambdaForm$MH+0x00000240ab1a4400'
Event: 16.386 Thread 0x0000024092c28c00 Unloading class 0x00000240ab1a4000 'java/lang/invoke/LambdaForm$BMH+0x00000240ab1a4000'
Event: 16.386 Thread 0x0000024092c28c00 Unloading class 0x00000240ab1a3c00 'java/lang/invoke/LambdaForm$DMH+0x00000240ab1a3c00'
Event: 16.386 Thread 0x0000024092c28c00 Unloading class 0x00000240ab1a2800 'java/lang/invoke/LambdaForm$DMH+0x00000240ab1a2800'
Event: 17.783 Thread 0x0000024092c28c00 Unloading class 0x00000240ab31a000 'java/lang/invoke/LambdaForm$MH+0x00000240ab31a000'
Event: 17.783 Thread 0x0000024092c28c00 Unloading class 0x00000240ab319400 'java/lang/invoke/LambdaForm$MH+0x00000240ab319400'
Event: 17.783 Thread 0x0000024092c28c00 Unloading class 0x00000240ab318c00 'java/lang/invoke/LambdaForm$MH+0x00000240ab318c00'
Event: 17.783 Thread 0x0000024092c28c00 Unloading class 0x00000240ab318800 'java/lang/invoke/LambdaForm$MH+0x00000240ab318800'
Event: 17.783 Thread 0x0000024092c28c00 Unloading class 0x00000240ab318000 'java/lang/invoke/LambdaForm$DMH+0x00000240ab318000'
Event: 17.783 Thread 0x0000024092c28c00 Unloading class 0x00000240ab317400 'java/lang/invoke/LambdaForm$MH+0x00000240ab317400'
Event: 17.783 Thread 0x0000024092c28c00 Unloading class 0x00000240ab313c00 'java/lang/invoke/LambdaForm$MH+0x00000240ab313c00'
Event: 17.783 Thread 0x0000024092c28c00 Unloading class 0x00000240ab313400 'java/lang/invoke/LambdaForm$MH+0x00000240ab313400'
Event: 17.783 Thread 0x0000024092c28c00 Unloading class 0x00000240ab312c00 'java/lang/invoke/LambdaForm$MH+0x00000240ab312c00'
Event: 17.783 Thread 0x0000024092c28c00 Unloading class 0x00000240ab312400 'java/lang/invoke/LambdaForm$MH+0x00000240ab312400'
Event: 17.783 Thread 0x0000024092c28c00 Unloading class 0x00000240ab311c00 'java/lang/invoke/LambdaForm$MH+0x00000240ab311c00'
Event: 17.783 Thread 0x0000024092c28c00 Unloading class 0x00000240ab311400 'java/lang/invoke/LambdaForm$MH+0x00000240ab311400'
Event: 17.783 Thread 0x0000024092c28c00 Unloading class 0x00000240ab310c00 'java/lang/invoke/LambdaForm$MH+0x00000240ab310c00'
Event: 17.783 Thread 0x0000024092c28c00 Unloading class 0x00000240ab310400 'java/lang/invoke/LambdaForm$MH+0x00000240ab310400'

Classes redefined (0 events):
No events

Internal exceptions (20 events):
Event: 4497.347 Thread 0x00000240f711ce30 Exception <a 'sun/nio/fs/WindowsException'{0x00000000d55b11b0}> (0x00000000d55b11b0) 
thrown [s\src\hotspot\share\prims\jni.cpp, line 520]
Event: 4497.348 Thread 0x00000240ebbf7fb0 Exception <a 'sun/nio/fs/WindowsException'{0x00000000d55ae048}> (0x00000000d55ae048) 
thrown [s\src\hotspot\share\prims\jni.cpp, line 520]
Event: 4497.354 Thread 0x00000240f711ce30 Exception <a 'sun/nio/fs/WindowsException'{0x00000000d55b2550}> (0x00000000d55b2550) 
thrown [s\src\hotspot\share\prims\jni.cpp, line 520]
Event: 4497.377 Thread 0x00000240ebbf7920 Exception <a 'sun/nio/fs/WindowsException'{0x00000000d563d010}> (0x00000000d563d010) 
thrown [s\src\hotspot\share\prims\jni.cpp, line 520]
Event: 4497.385 Thread 0x00000240ebbf7920 Exception <a 'sun/nio/fs/WindowsException'{0x00000000d5673228}> (0x00000000d5673228) 
thrown [s\src\hotspot\share\prims\jni.cpp, line 520]
Event: 4497.587 Thread 0x00000240ebbf99f0 Exception <a 'java/lang/NoSuchMethodError'{0x00000000d56b92b0}: 'java.lang.Object java.lang.invoke.DirectMethodHandle$Holder.invokeStatic(java.lang.Object, java.lang.Object, int, java.lang.Object, java.lang.Object)'> (0x00000000d56b92b0) 
thrown [s\src\hotspot\share\interpreter\linkResolver.cpp, line 773]
Event: 4497.737 Thread 0x00000240f6909d10 Exception <a 'java/lang/NoSuchMethodError'{0x00000000d57c3380}: 'void java.lang.invoke.DirectMethodHandle$Holder.invokeStatic(java.lang.Object, int, java.lang.Object)'> (0x00000000d57c3380) 
thrown [s\src\hotspot\share\interpreter\linkResolver.cpp, line 773]
Event: 4497.765 Thread 0x00000240ebbf7920 Exception <a 'java/lang/NoSuchMethodError'{0x00000000d58c31d0}: 'java.lang.Object java.lang.invoke.DirectMethodHandle$Holder.invokeStatic(java.lang.Object, java.lang.Object, int, int, java.lang.Object)'> (0x00000000d58c31d0) 
thrown [s\src\hotspot\share\interpreter\linkResolver.cpp, line 773]
Event: 4497.766 Thread 0x00000240ebbf7920 Exception <a 'java/lang/NoSuchMethodError'{0x00000000d58ca140}: 'java.lang.Object java.lang.invoke.DirectMethodHandle$Holder.newInvokeSpecial(java.lang.Object, java.lang.Object, int, int, java.lang.Object)'> (0x00000000d58ca140) 
thrown [s\src\hotspot\share\interpreter\linkResolver.cpp, line 773]
Event: 4497.953 Thread 0x00000240f6909d10 Exception <a 'java/lang/NoSuchMethodError'{0x00000000d5a85b78}: 'java.lang.Object java.lang.invoke.DirectMethodHandle$Holder.newInvokeSpecial(java.lang.Object, java.lang.Object, java.lang.Object, java.lang.Object, int)'> (0x00000000d5a85b78) 
thrown [s\src\hotspot\share\interpreter\linkResolver.cpp, line 773]
Event: 4497.954 Thread 0x00000240f6909d10 Exception <a 'java/lang/NoSuchMethodError'{0x00000000d5a8a028}: 'java.lang.Object java.lang.invoke.DirectMethodHandle$Holder.invokeSpecial(java.lang.Object, java.lang.Object, java.lang.Object, java.lang.Object, java.lang.Object, int)'> (0x00000000d5a8a028) 
thrown [s\src\hotspot\share\interpreter\linkResolver.cpp, line 773]
Event: 4497.954 Thread 0x00000240f6909d10 Exception <a 'java/lang/NoSuchMethodError'{0x00000000d5a8dab8}: 'java.lang.Object java.lang.invoke.Invokers$Holder.linkToTargetMethod(java.lang.Object, java.lang.Object, java.lang.Object, int, java.lang.Object)'> (0x00000000d5a8dab8) 
thrown [s\src\hotspot\share\interpreter\linkResolver.cpp, line 773]
Event: 4498.374 Thread 0x00000240ebbf7920 Exception <a 'sun/nio/fs/WindowsException'{0x00000000d5ace5b0}> (0x00000000d5ace5b0) 
thrown [s\src\hotspot\share\prims\jni.cpp, line 520]
Event: 4498.374 Thread 0x00000240f2472b70 Exception <a 'sun/nio/fs/WindowsException'{0x00000000d5ad2490}> (0x00000000d5ad2490) 
thrown [s\src\hotspot\share\prims\jni.cpp, line 520]
Event: 4498.375 Thread 0x00000240f2474c40 Exception <a 'sun/nio/fs/WindowsException'{0x00000000d5ad6418}> (0x00000000d5ad6418) 
thrown [s\src\hotspot\share\prims\jni.cpp, line 520]
Event: 4498.506 Thread 0x00000240ebbf7920 Exception <a 'sun/nio/fs/WindowsException'{0x00000000d5a62930}> (0x00000000d5a62930) 
thrown [s\src\hotspot\share\prims\jni.cpp, line 520]
Event: 4498.506 Thread 0x00000240ebbf7920 Exception <a 'sun/nio/fs/WindowsException'{0x00000000d5a62f70}> (0x00000000d5a62f70) 
thrown [s\src\hotspot\share\prims\jni.cpp, line 520]
Event: 4797.697 Thread 0x00000240f41533a0 Exception <a 'sun/nio/fs/WindowsException'{0x00000000d564f698}> (0x00000000d564f698) 
thrown [s\src\hotspot\share\prims\jni.cpp, line 520]
Event: 4797.697 Thread 0x00000240f41533a0 Exception <a 'sun/nio/fs/WindowsException'{0x00000000d564ff88}> (0x00000000d564ff88) 
thrown [s\src\hotspot\share\prims\jni.cpp, line 520]
Event: 4797.746 Thread 0x00000240f41533a0 Exception <a 'java/lang/NoSuchMethodError'{0x00000000d56bd5a8}: 'java.lang.Object java.lang.invoke.DirectMethodHandle$Holder.newInvokeSpecial(java.lang.Object, java.lang.Object, java.lang.Object, java.lang.Object, java.lang.Object, java.lang.Object, java.lang.Object, java.lang.Object)'> (0x00000000d56bd5a8) 
thrown [s\src\hotspot\share\interpreter\linkResolver.cpp, line 773]

ZGC Phase Switch (0 events):
No events

VM Operations (20 events):
Event: 14489.081 Executing VM operation: HandshakeAllThreads (HandshakeForDeflation)
Event: 14489.084 Executing VM operation: HandshakeAllThreads (HandshakeForDeflation) done
Event: 14489.084 Executing VM operation: RendezvousGCThreads
Event: 14489.084 Executing VM operation: RendezvousGCThreads done
Event: 15030.431 Executing VM operation: HandshakeAllThreads (HandshakeForDeflation)
Event: 15030.439 Executing VM operation: HandshakeAllThreads (HandshakeForDeflation) done
Event: 15030.439 Executing VM operation: RendezvousGCThreads
Event: 15030.439 Executing VM operation: RendezvousGCThreads done
Event: 15150.688 Executing VM operation: HandshakeAllThreads (HandshakeForDeflation)
Event: 15150.692 Executing VM operation: HandshakeAllThreads (HandshakeForDeflation) done
Event: 15150.692 Executing VM operation: RendezvousGCThreads
Event: 15150.692 Executing VM operation: RendezvousGCThreads done
Event: 15210.767 Executing VM operation: HandshakeAllThreads (HandshakeForDeflation)
Event: 15210.773 Executing VM operation: HandshakeAllThreads (HandshakeForDeflation) done
Event: 15210.773 Executing VM operation: RendezvousGCThreads
Event: 15210.774 Executing VM operation: RendezvousGCThreads done
Event: 15270.867 Executing VM operation: HandshakeAllThreads (HandshakeForDeflation)
Event: 15270.872 Executing VM operation: HandshakeAllThreads (HandshakeForDeflation) done
Event: 15270.873 Executing VM operation: RendezvousGCThreads
Event: 15270.873 Executing VM operation: RendezvousGCThreads done

Memory protections (0 events):
No events

Nmethod flushes (20 events):
Event: 23.034 Thread 0x0000024092c28c00 flushing  nmethod 0x000002409663c410
Event: 23.034 Thread 0x0000024092c28c00 flushing  nmethod 0x000002409663f190
Event: 23.034 Thread 0x0000024092c28c00 flushing  nmethod 0x000002409663f510
Event: 23.034 Thread 0x0000024092c28c00 flushing  nmethod 0x000002409663fb10
Event: 23.034 Thread 0x0000024092c28c00 flushing  nmethod 0x000002409663fe90
Event: 23.034 Thread 0x0000024092c28c00 flushing  nmethod 0x0000024096646310
Event: 23.034 Thread 0x0000024092c28c00 flushing  nmethod 0x000002409666a510
Event: 23.034 Thread 0x0000024092c28c00 flushing  nmethod 0x000002409666ca10
Event: 23.034 Thread 0x0000024092c28c00 flushing  nmethod 0x000002409666d010
Event: 23.034 Thread 0x0000024092c28c00 flushing  nmethod 0x000002409666d710
Event: 23.034 Thread 0x0000024092c28c00 flushing  nmethod 0x000002409666df90
Event: 23.034 Thread 0x0000024092c28c00 flushing  nmethod 0x0000024096670290
Event: 23.034 Thread 0x0000024092c28c00 flushing  nmethod 0x0000024096670f10
Event: 23.034 Thread 0x0000024092c28c00 flushing  nmethod 0x000002409668c490
Event: 23.034 Thread 0x0000024092c28c00 flushing  nmethod 0x0000024096693a10
Event: 23.034 Thread 0x0000024092c28c00 flushing  nmethod 0x00000240966bbf10
Event: 23.034 Thread 0x0000024092c28c00 flushing  nmethod 0x00000240966e5210
Event: 23.034 Thread 0x0000024092c28c00 flushing osr nmethod 0x0000024096710e90
Event: 23.034 Thread 0x0000024092c28c00 flushing osr nmethod 0x0000024096717310
Event: 23.034 Thread 0x0000024092c28c00 flushing  nmethod 0x0000024096730a90

Events (20 events):
Event: 4798.340 Thread 0x00000240f2d1b700 Thread exited: 0x00000240f2d1b700
Event: 4798.373 Thread 0x00000240f2d18280 Thread exited: 0x00000240f2d18280
Event: 4798.384 Thread 0x00000240f711ad60 Thread exited: 0x00000240f711ad60
Event: 4798.404 Thread 0x00000240f711d4c0 Thread exited: 0x00000240f711d4c0
Event: 4798.504 Thread 0x00000240f2d1cab0 Thread exited: 0x00000240f2d1cab0
Event: 4802.783 Thread 0x00000240f41234f0 Thread exited: 0x00000240f41234f0
Event: 4857.106 Thread 0x00000240f4150c40 Thread exited: 0x00000240f4150c40
Event: 4858.385 Thread 0x00000240f2475960 Thread exited: 0x00000240f2475960
Event: 4917.110 Thread 0x00000240f4152d10 Thread exited: 0x00000240f4152d10
Event: 4918.398 Thread 0x00000240f2471e50 Thread exited: 0x00000240f2471e50
Event: 4977.113 Thread 0x00000240f246f060 Thread exited: 0x00000240f246f060
Event: 4978.398 Thread 0x00000240ebbfa710 Thread exited: 0x00000240ebbfa710
Event: 5038.413 Thread 0x00000240f2473890 Thread exited: 0x00000240f2473890
Event: 5098.419 Thread 0x00000240f2473200 Thread exited: 0x00000240f2473200
Event: 5158.430 Thread 0x00000240f24717c0 Thread exited: 0x00000240f24717c0
Event: 5218.438 Thread 0x00000240f3f1c930 Thread exited: 0x00000240f3f1c930
Event: 5278.458 Thread 0x00000240f2476680 Thread exited: 0x00000240f2476680
Event: 5338.463 Thread 0x00000240f711ce30 Thread exited: 0x00000240f711ce30
Event: 5398.466 Thread 0x00000240f711ba80 Thread exited: 0x00000240f711ba80
Event: 5458.485 Thread 0x00000240f246f6f0 Thread exited: 0x00000240f246f6f0


Dynamic libraries:
0x00007ff7afd10000 - 0x00007ff7afd1e000 	c:\Users\ADMIN\.vscode\extensions\redhat.java-1.47.0-win32-x64\jre\21.0.8-win32-x86_64\bin\java.exe
0x00007ffd84650000 - 0x00007ffd84864000 	C:\Windows\SYSTEM32\ntdll.dll
0x00007ffd82b90000 - 0x00007ffd82c52000 	C:\Windows\System32\KERNEL32.DLL
0x00007ffd81f70000 - 0x00007ffd8230c000 	C:\Windows\System32\KERNELBASE.dll
0x00007ffd82310000 - 0x00007ffd82421000 	C:\Windows\System32\ucrtbase.dll
0x00007ffd52640000 - 0x00007ffd5265e000 	c:\Users\ADMIN\.vscode\extensions\redhat.java-1.47.0-win32-x64\jre\21.0.8-win32-x86_64\bin\VCRUNTIME140.dll
0x00007ffd521a0000 - 0x00007ffd521b8000 	c:\Users\ADMIN\.vscode\extensions\redhat.java-1.47.0-win32-x64\jre\21.0.8-win32-x86_64\bin\jli.dll
0x00007ffd83ac0000 - 0x00007ffd83c6b000 	C:\Windows\System32\USER32.dll
0x00007ffd710b0000 - 0x00007ffd7133e000 	C:\Windows\WinSxS\amd64_microsoft.windows.common-controls_6595b64144ccf1df_6.0.22621.317_none_a9434687c10c9fa2\COMCTL32.dll
0x00007ffd82430000 - 0x00007ffd82456000 	C:\Windows\System32\win32u.dll
0x00007ffd82c60000 - 0x00007ffd82d07000 	C:\Windows\System32\msvcrt.dll
0x00007ffd84540000 - 0x00007ffd84569000 	C:\Windows\System32\GDI32.dll
0x00007ffd81bc0000 - 0x00007ffd81cd2000 	C:\Windows\System32\gdi32full.dll
0x00007ffd81d60000 - 0x00007ffd81dfa000 	C:\Windows\System32\msvcp_win.dll
0x00007ffd842b0000 - 0x00007ffd842e1000 	C:\Windows\System32\IMM32.DLL
0x00007ffd71860000 - 0x00007ffd7186c000 	c:\Users\ADMIN\.vscode\extensions\redhat.java-1.47.0-win32-x64\jre\21.0.8-win32-x86_64\bin\vcruntime140_1.dll
0x00007ffd16c80000 - 0x00007ffd16d0d000 	c:\Users\ADMIN\.vscode\extensions\redhat.java-1.47.0-win32-x64\jre\21.0.8-win32-x86_64\bin\msvcp140.dll
0x00007ffd15ee0000 - 0x00007ffd16c77000 	c:\Users\ADMIN\.vscode\extensions\redhat.java-1.47.0-win32-x64\jre\21.0.8-win32-x86_64\bin\server\jvm.dll
0x00007ffd84490000 - 0x00007ffd8453e000 	C:\Windows\System32\ADVAPI32.dll
0x00007ffd82a90000 - 0x00007ffd82b34000 	C:\Windows\System32\sechost.dll
0x00007ffd82d30000 - 0x00007ffd82e45000 	C:\Windows\System32\RPCRT4.dll
0x00007ffd84230000 - 0x00007ffd842a1000 	C:\Windows\System32\WS2_32.dll
0x00007ffd81960000 - 0x00007ffd819ad000 	C:\Windows\SYSTEM32\POWRPROF.dll
0x00007ffd79a10000 - 0x00007ffd79a44000 	C:\Windows\SYSTEM32\WINMM.dll
0x00007ffd788c0000 - 0x00007ffd788ca000 	C:\Windows\SYSTEM32\VERSION.dll
0x00007ffd81940000 - 0x00007ffd81953000 	C:\Windows\SYSTEM32\UMPDC.dll
0x00007ffd80ad0000 - 0x00007ffd80ae8000 	C:\Windows\SYSTEM32\kernel.appcore.dll
0x00007ffd6e9a0000 - 0x00007ffd6e9aa000 	c:\Users\ADMIN\.vscode\extensions\redhat.java-1.47.0-win32-x64\jre\21.0.8-win32-x86_64\bin\jimage.dll
0x00007ffd7f400000 - 0x00007ffd7f62e000 	C:\Windows\SYSTEM32\DBGHELP.DLL
0x00007ffd83c70000 - 0x00007ffd83ff9000 	C:\Windows\System32\combase.dll
0x00007ffd82560000 - 0x00007ffd82637000 	C:\Windows\System32\OLEAUT32.dll
0x00007ffd5e0e0000 - 0x00007ffd5e112000 	C:\Windows\SYSTEM32\dbgcore.DLL
0x00007ffd81ce0000 - 0x00007ffd81d5b000 	C:\Windows\System32\bcryptPrimitives.dll
0x00007ffd689c0000 - 0x00007ffd689cf000 	c:\Users\ADMIN\.vscode\extensions\redhat.java-1.47.0-win32-x64\jre\21.0.8-win32-x86_64\bin\instrument.dll
0x00007ffd51bb0000 - 0x00007ffd51bcf000 	c:\Users\ADMIN\.vscode\extensions\redhat.java-1.47.0-win32-x64\jre\21.0.8-win32-x86_64\bin\java.dll
0x00007ffd82e60000 - 0x00007ffd8363b000 	C:\Windows\System32\SHELL32.dll
0x00007ffd7faa0000 - 0x00007ffd80355000 	C:\Windows\SYSTEM32\windows.storage.dll
0x00007ffd7f960000 - 0x00007ffd7fa9d000 	C:\Windows\SYSTEM32\wintypes.dll
0x00007ffd82460000 - 0x00007ffd82551000 	C:\Windows\System32\SHCORE.dll
0x00007ffd82660000 - 0x00007ffd826be000 	C:\Windows\System32\shlwapi.dll
0x00007ffd819c0000 - 0x00007ffd819e1000 	C:\Windows\SYSTEM32\profapi.dll
0x00007ffd4d2d0000 - 0x00007ffd4d2e8000 	c:\Users\ADMIN\.vscode\extensions\redhat.java-1.47.0-win32-x64\jre\21.0.8-win32-x86_64\bin\zip.dll
0x00007ffd6cb90000 - 0x00007ffd6cba0000 	C:\Users\ADMIN\.vscode\extensions\redhat.java-1.47.0-win32-x64\jre\21.0.8-win32-x86_64\bin\net.dll
0x00007ffd7b910000 - 0x00007ffd7ba3f000 	C:\Windows\SYSTEM32\WINHTTP.dll
0x00007ffd80f20000 - 0x00007ffd80f89000 	C:\Windows\system32\mswsock.dll
0x00007ffd4a5f0000 - 0x00007ffd4a606000 	C:\Users\ADMIN\.vscode\extensions\redhat.java-1.47.0-win32-x64\jre\21.0.8-win32-x86_64\bin\nio.dll
0x00007ffd66d40000 - 0x00007ffd66d50000 	c:\Users\ADMIN\.vscode\extensions\redhat.java-1.47.0-win32-x64\jre\21.0.8-win32-x86_64\bin\verify.dll
0x00007ffd3de40000 - 0x00007ffd3de84000 	C:\Users\ADMIN\AppData\Roaming\Code\User\globalStorage\redhat.java\1.47.0\config_win\org.eclipse.equinox.launcher\org.eclipse.equinox.launcher.win32.win32.x86_64_1.2.1400.v20250801-0854\eclipse_11916.dll
0x00007ffd842f0000 - 0x00007ffd8448c000 	C:\Windows\System32\ole32.dll
0x00007ffd81230000 - 0x00007ffd8124b000 	C:\Windows\SYSTEM32\CRYPTSP.dll
0x00007ffd80a40000 - 0x00007ffd80a75000 	C:\Windows\system32\rsaenh.dll
0x00007ffd80fc0000 - 0x00007ffd80fe8000 	C:\Windows\SYSTEM32\USERENV.dll
0x00007ffd81350000 - 0x00007ffd81378000 	C:\Windows\SYSTEM32\bcrypt.dll
0x00007ffd81210000 - 0x00007ffd8121c000 	C:\Windows\SYSTEM32\CRYPTBASE.dll
0x00007ffd805b0000 - 0x00007ffd805dd000 	C:\Windows\SYSTEM32\IPHLPAPI.DLL
0x00007ffd82e50000 - 0x00007ffd82e59000 	C:\Windows\System32\NSI.dll
0x00007ffd2eda0000 - 0x00007ffd2ede9000 	C:\Users\ADMIN\AppData\Local\Temp\jna-62130991\jna6770161598154045897.dll
0x00007ffd84000000 - 0x00007ffd84008000 	C:\Windows\System32\PSAPI.DLL
0x00007ffd7be70000 - 0x00007ffd7be89000 	C:\Windows\SYSTEM32\dhcpcsvc6.DLL
0x00007ffd7b7a0000 - 0x00007ffd7b7bf000 	C:\Windows\SYSTEM32\dhcpcsvc.DLL
0x00007ffd696a0000 - 0x00007ffd696ae000 	C:\Users\ADMIN\.vscode\extensions\redhat.java-1.47.0-win32-x64\jre\21.0.8-win32-x86_64\bin\sunmscapi.dll
0x00007ffd81e00000 - 0x00007ffd81f66000 	C:\Windows\System32\CRYPT32.dll
0x00007ffd81320000 - 0x00007ffd8134d000 	C:\Windows\SYSTEM32\ncrypt.dll
0x00007ffd812e0000 - 0x00007ffd81317000 	C:\Windows\SYSTEM32\NTASN1.dll
0x00007ffd80620000 - 0x00007ffd80712000 	C:\Windows\SYSTEM32\DNSAPI.dll
0x00007ffd7b230000 - 0x00007ffd7b23a000 	C:\Windows\System32\rasadhlp.dll
0x00007ffd7ad30000 - 0x00007ffd7adb3000 	C:\Windows\System32\fwpuclnt.dll
0x00007ffd68c40000 - 0x00007ffd68c49000 	C:\Users\ADMIN\.vscode\extensions\redhat.java-1.47.0-win32-x64\jre\21.0.8-win32-x86_64\bin\extnet.dll
0x00007ffd532a0000 - 0x00007ffd532c7000 	C:\Users\ADMIN\.gradle\native\1def1411415f61bf3af743bc5b6707747c0891f09f0c88961ee8f79bc544acac\windows-amd64\native-platform.dll
0x00007ffd6c360000 - 0x00007ffd6c36a000 	C:\Users\ADMIN\.vscode\extensions\redhat.java-1.47.0-win32-x64\jre\21.0.8-win32-x86_64\bin\management.dll
0x00007ffd6c1b0000 - 0x00007ffd6c1bb000 	C:\Users\ADMIN\.vscode\extensions\redhat.java-1.47.0-win32-x64\jre\21.0.8-win32-x86_64\bin\management_ext.dll

JVMTI agents:
c:\Users\ADMIN\.vscode\extensions\redhat.java-1.47.0-win32-x64\lombok\lombok-1.18.39-4050.jar path:c:\Users\ADMIN\.vscode\extensions\redhat.java-1.47.0-win32-x64\jre\21.0.8-win32-x86_64\bin\instrument.dll, loaded, initialized, instrumentlib options:none

dbghelp: loaded successfully - version: 4.0.5 - missing functions: none
symbol engine: initialized successfully - sym options: 0x614 - pdb path: .;c:\Users\ADMIN\.vscode\extensions\redhat.java-1.47.0-win32-x64\jre\21.0.8-win32-x86_64\bin;C:\Windows\SYSTEM32;C:\Windows\WinSxS\amd64_microsoft.windows.common-controls_6595b64144ccf1df_6.0.22621.317_none_a9434687c10c9fa2;c:\Users\ADMIN\.vscode\extensions\redhat.java-1.47.0-win32-x64\jre\21.0.8-win32-x86_64\bin\server;C:\Users\ADMIN\AppData\Roaming\Code\User\globalStorage\redhat.java\1.47.0\config_win\org.eclipse.equinox.launcher\org.eclipse.equinox.launcher.win32.win32.x86_64_1.2.1400.v20250801-0854;C:\Users\ADMIN\AppData\Local\Temp\jna-62130991;C:\Users\ADMIN\.gradle\native\1def1411415f61bf3af743bc5b6707747c0891f09f0c88961ee8f79bc544acac\windows-amd64

VM Arguments:
jvm_args: --add-modules=ALL-SYSTEM --add-opens=java.base/java.util=ALL-UNNAMED --add-opens=java.base/java.lang=ALL-UNNAMED --add-opens=java.base/sun.nio.fs=ALL-UNNAMED -Declipse.application=org.eclipse.jdt.ls.core.id1 -Dosgi.bundles.defaultStartLevel=4 -Declipse.product=org.eclipse.jdt.ls.core.product -Djava.import.generatesMetadataFilesAtProjectRoot=false -DDetectVMInstallationsJob.disabled=true -Dfile.encoding=utf8 -XX:+UseParallelGC -XX:GCTimeRatio=4 -XX:AdaptiveSizePolicyWeight=90 -Dsun.zip.disableMemoryMapping=true -Xmx2G -Xms100m -Xlog:disable -javaagent:c:\Users\ADMIN\.vscode\extensions\redhat.java-1.47.0-win32-x64\lombok\lombok-1.18.39-4050.jar -XX:+HeapDumpOnOutOfMemoryError -XX:HeapDumpPath=c:\Users\ADMIN\AppData\Roaming\Code\User\workspaceStorage\e1181f018e524be10f78b7a09ed024c7\redhat.java -Daether.dependencyCollector.impl=bf 
java_command: c:\Users\ADMIN\.vscode\extensions\redhat.java-1.47.0-win32-x64\server\plugins\org.eclipse.equinox.launcher_1.7.100.v20251014-1222.jar -configuration c:\Users\ADMIN\AppData\Roaming\Code\User\globalStorage\redhat.java\1.47.0\config_win -data c:\Users\ADMIN\AppData\Roaming\Code\User\workspaceStorage\e1181f018e524be10f78b7a09ed024c7\redhat.java\jdt_ws --pipe=\\.\pipe\lsp-835bd573e3742573bf789c65da205362-sock
java_class_path (initial): c:\Users\ADMIN\.vscode\extensions\redhat.java-1.47.0-win32-x64\server\plugins\org.eclipse.equinox.launcher_1.7.100.v20251014-1222.jar
Launcher Type: SUN_STANDARD

[Global flags]
    uintx AdaptiveSizePolicyWeight                 = 90                                        {product} {command line}
     intx CICompilerCount                          = 12                                        {product} {ergonomic}
    uintx GCTimeRatio                              = 4                                         {product} {command line}
     bool HeapDumpOnOutOfMemoryError               = true                                   {manageable} {command line}
    ccstr HeapDumpPath                             = c:\Users\ADMIN\AppData\Roaming\Code\User\workspaceStorage\e1181f018e524be10f78b7a09ed024c7\redhat.java         {manageable} {command line}
   size_t InitialHeapSize                          = 104857600                                 {product} {command line}
   size_t MaxHeapSize                              = 2147483648                                {product} {command line}
   size_t MaxNewSize                               = 715653120                                 {product} {ergonomic}
   size_t MinHeapDeltaBytes                        = 524288                                    {product} {ergonomic}
   size_t MinHeapSize                              = 104857600                                 {product} {command line}
   size_t NewSize                                  = 34603008                                  {product} {ergonomic}
    uintx NonNMethodCodeHeapSize                   = 7602480                                {pd product} {ergonomic}
    uintx NonProfiledCodeHeapSize                  = 122027880                              {pd product} {ergonomic}
   size_t OldSize                                  = 70254592                                  {product} {ergonomic}
    uintx ProfiledCodeHeapSize                     = 122027880                              {pd product} {ergonomic}
    uintx ReservedCodeCacheSize                    = 251658240                              {pd product} {ergonomic}
     bool SegmentedCodeCache                       = true                                      {product} {ergonomic}
   size_t SoftMaxHeapSize                          = 2147483648                             {manageable} {ergonomic}
     bool UseCompressedOops                        = true                           {product lp64_product} {ergonomic}
     bool UseLargePagesIndividualAllocation        = false                                  {pd product} {ergonomic}
     bool UseParallelGC                            = true                                      {product} {command line}

Logging:
Log output configuration:
 #0: stdout all=off uptime,level,tags foldmultilines=false
 #1: stderr all=off uptime,level,tags foldmultilines=false

Environment Variables:
JAVA_HOME=C:\Program Files\Java\jdk-17.0.2
PATH=c:\Users\ADMIN\AppData\Local\Programs\cursor\resources\app\bin;C:\Windows\system32;C:\Windows;C:\Windows\System32\Wbem;C:\Program Files\Java\jdk-17.0.2\bin;C:\Windows\System32\WindowsPowerShell\v1.0\;C:\Windows\System32\OpenSSH\;C:\Program Files\dotnet\;C:\Program Files\Azure Data Studio\bin;C:\Program Files (x86)\Microsoft SQL Server\160\Tools\Binn\;C:\Program Files\Microsoft SQL Server\160\Tools\Binn\;C:\Program Files\Microsoft SQL Server\Client SDK\ODBC\170\Tools\Binn\;C:\Program Files\Microsoft SQL Server\160\DTS\Binn\;C:\Program Files\Microsoft SQL Server\150\Tools\Binn\;C:\Program Files (x86)\Microsoft SQL Server\160\DTS\Binn\;C:\Program Files (x86)\Windows Kits\10\Windows Performance Toolkit\;C:\Users\ADMIN\AppData\Local\Programs\Python\Python312;C:\Users\ADMIN\AppData\Local\Programs\Python\Python312\Scripts;C:\Program Files\Git\cmd;C:\Program Files\Git LFS;C:\Program Files\nodejs\;C:\Use;C:\Program Files\Java\jdk-17.0.2\bin;C:\Users\ADMIN\AppData\Local\Android\Sdk\platform-tools;C:\Users\ADMIN\AppData\Local\Android\Sdk\platform-tools;C:\Program Files\apache-maven-3.9.9-bin\bin;C:\Program Files\Docker\Docker\resources\bin;;C:\ProgramData\chocolatey\bin;C:\Users\ADMIN\AppData\Local\Programs\Python\Python312\Scripts\;C:\Users\ADMIN\AppData\Local\Programs\Python\Python312\;C:\Users\ADMIN\AppData\Local\Programs\Python\Python;C:\Users\ADMIN\AppData\Local\Programs\Microsoft VS Code\bin;D:\lapTrinhDiDong\flutter_windows_3.24.0-stable\flutter\bin;C:\Program Files\JetBrains\IntelliJ IDEA 2024.2.0.1\bin;;C:\Program Files\JetBrains\IntelliJ IDEA Community Edition 2024.2.0.2\bin;;C:\Users\ADMIN\AppData\Roaming\npm;C:\Users\ADMIN\AppData\Local\Pub\Cache\bin;C:\Users\ADMIN\AppData\Local\Android\Sdk\platform-tools;C:\Users\ADMIN\AppData\Local\Google\Cloud SDK\google-cloud-sdk\bin
USERNAME=ADMIN
OS=Windows_NT
PROCESSOR_IDENTIFIER=AMD64 Family 25 Model 80 Stepping 0, AuthenticAMD
TMP=C:\Users\ADMIN\AppData\Local\Temp
TEMP=C:\Users\ADMIN\AppData\Local\Temp




Periodic native trim disabled

---------------  S Y S T E M  ---------------

OS:
 Windows 11 , 64 bit Build 22621 (10.0.22621.457)
OS uptime: 2 days 1:23 hours
Hyper-V role detected

CPU: total 16 (initial active 16) (16 cores per cpu, 2 threads per core) family 25 model 80 stepping 0 microcode 0x0, cx8, cmov, fxsr, ht, mmx, 3dnowpref, sse, sse2, sse3, ssse3, sse4a, sse4.1, sse4.2, popcnt, lzcnt, tsc, tscinvbit, avx, avx2, aes, erms, clmul, bmi1, bmi2, adx, sha, fma, vzeroupper, clflush, clflushopt, hv, rdtscp, rdpid, fsrm, f16c, cet_ss
Processor Information for processor 0
  Max Mhz: 3201, Current Mhz: 3201, Mhz Limit: 3201
Processor Information for processor 1
  Max Mhz: 3201, Current Mhz: 1506, Mhz Limit: 3201
Processor Information for processor 2
  Max Mhz: 3201, Current Mhz: 3201, Mhz Limit: 3201
Processor Information for processor 3
  Max Mhz: 3201, Current Mhz: 1506, Mhz Limit: 3201
Processor Information for processor 4
  Max Mhz: 3201, Current Mhz: 1506, Mhz Limit: 3201
Processor Information for processor 5
  Max Mhz: 3201, Current Mhz: 3201, Mhz Limit: 3201
Processor Information for processor 6
  Max Mhz: 3201, Current Mhz: 3201, Mhz Limit: 3201
Processor Information for processor 7
  Max Mhz: 3201, Current Mhz: 1506, Mhz Limit: 3201
Processor Information for processor 8
  Max Mhz: 3201, Current Mhz: 3201, Mhz Limit: 3201
Processor Information for processor 9
  Max Mhz: 3201, Current Mhz: 3201, Mhz Limit: 3201
Processor Information for processor 10
  Max Mhz: 3201, Current Mhz: 3201, Mhz Limit: 3201
Processor Information for processor 11
  Max Mhz: 3201, Current Mhz: 3201, Mhz Limit: 3201
Processor Information for processor 12
  Max Mhz: 3201, Current Mhz: 1506, Mhz Limit: 3201
Processor Information for processor 13
  Max Mhz: 3201, Current Mhz: 1506, Mhz Limit: 3201
Processor Information for processor 14
  Max Mhz: 3201, Current Mhz: 1506, Mhz Limit: 3201
Processor Information for processor 15
  Max Mhz: 3201, Current Mhz: 1506, Mhz Limit: 3201

Memory: 4k page, system-wide physical 5996M (201M free)
TotalPageFile size 22380M (AvailPageFile size 102M)
current process WorkingSet (physical memory assigned to process): 8M, peak: 327M
current process commit charge ("private bytes"): 496M, peak: 538M

vm_info: OpenJDK 64-Bit Server VM (21.0.8+9-LTS) for windows-amd64 JRE (21.0.8+9-LTS), built on 2025-07-15T00:00:00Z by "admin" with MS VC++ 17.7 (VS2022)

END.
